<?xml version="1.0" encoding="UTF-8"?>
<!-- Generated by org.testng.reporters.JUnitReportReporter -->
<testsuite hostname="SA-RAFROZ-LT" failures="0" tests="5" name="com.qa.ngageplatform.tests.MyWorkSimplifiedTest" time="430.191" errors="0" timestamp="27 Jan 2023 14:30:10 GMT" skipped="0">
  <testcase classname="com.qa.ngageplatform.tests.MyWorkSimplifiedTest" name="verifyCloserActionActivityADetails_MWS001_To_MWS006" time="155.222"/>
  <testcase classname="com.qa.ngageplatform.tests.MyWorkSimplifiedTest" name="verifyWindowInfoAndCount_MWS007" time="87.176"/>
  <testcase classname="com.qa.ngageplatform.tests.MyWorkSimplifiedTest" name="verifyPageCount_MWS008" time="40.998"/>
  <testcase classname="com.qa.ngageplatform.tests.MyWorkSimplifiedTest" name="verifyRecordSortedAscAndDsc_MWS009" time="94.683"/>
  <testcase classname="com.qa.ngageplatform.tests.MyWorkSimplifiedTest" name="verifyGetNextIsDisplayesOrNot_MWS010" time="52.112"/>
</testsuite> <!-- com.qa.ngageplatform.tests.MyWorkSimplifiedTest -->
