<?xml version="1.0" encoding="UTF-8"?>
<!-- Generated by org.testng.reporters.JUnitReportReporter -->
<testsuite hostname="SA-RAFROZ-LT" failures="0" tests="1" name="com.qa.ngageplatform.tests.MyWorkTest" time="76.669" errors="0" timestamp="02 Mar 2023 20:24:51 GMT" skipped="0">
  <testcase classname="com.qa.ngageplatform.tests.MyWorkTest" name="verifyPaginationInfoAndCustomerNameForWorkItemList_MW001_MW002" time="76.669"/>
</testsuite> <!-- com.qa.ngageplatform.tests.MyWorkTest -->
