<?xml version="1.0" encoding="UTF-8"?>
<!-- Generated by org.testng.reporters.JUnitReportReporter -->
<testsuite hostname="SA-RAFROZ-LT" failures="0" tests="1" name="com.qa.ngageplatform.tests.HomePageTest" time="57.465" errors="0" timestamp="02 Mar 2023 20:52:19 GMT" skipped="0">
  <testcase classname="com.qa.ngageplatform.tests.HomePageTest" name="verifyUploadedPDFDocument_HOME008" time="57.465"/>
</testsuite> <!-- com.qa.ngageplatform.tests.HomePageTest -->
