<?xml version="1.0" encoding="UTF-8"?>
<!-- Generated by org.testng.reporters.JUnitReportReporter -->
<testsuite hostname="SA-RAFROZ-LT" failures="0" tests="5" name="com.qa.ngageplatform.tests.MyWorkSimplifiedTest" time="371.974" errors="0" timestamp="02 Mar 2023 15:42:08 GMT" skipped="0">
  <testcase classname="com.qa.ngageplatform.tests.MyWorkSimplifiedTest" name="verifyCloserActionActivityADetails_MWS001_To_MWS006" time="119.653"/>
  <testcase classname="com.qa.ngageplatform.tests.MyWorkSimplifiedTest" name="verifyWindowInfoAndCount_MWS007" time="89.852"/>
  <testcase classname="com.qa.ngageplatform.tests.MyWorkSimplifiedTest" name="verifyPageCount_MWS008" time="45.562"/>
  <testcase classname="com.qa.ngageplatform.tests.MyWorkSimplifiedTest" name="verifyRecordSortedAscAndDsc_MWS009" time="63.743"/>
  <testcase classname="com.qa.ngageplatform.tests.MyWorkSimplifiedTest" name="verifyGetNextIsDisplayesOrNot_MWS010" time="53.164"/>
</testsuite> <!-- com.qa.ngageplatform.tests.MyWorkSimplifiedTest -->
