<?xml version="1.0" encoding="UTF-8"?>
<!-- Generated by org.testng.reporters.JUnitReportReporter -->
<testsuite hostname="SA-RAFROZ-LT" failures="0" tests="7" name="com.qa.ngageplatform.tests.RepositoryTest" time="520.698" errors="0" timestamp="27 Jan 2023 14:30:10 GMT" skipped="0">
  <testcase classname="com.qa.ngageplatform.tests.RepositoryTest" name="verifySearchResultForBusinessModel_Repo001_Repo002" time="112.083"/>
  <testcase classname="com.qa.ngageplatform.tests.RepositoryTest" name="verifySearchResultForDateTimeDoc_Repo003_To_Repo008" time="119.964"/>
  <testcase classname="com.qa.ngageplatform.tests.RepositoryTest" name="verifySearchResultForClosureDoc_Repo009_To_Repo010" time="100.375"/>
  <testcase classname="com.qa.ngageplatform.tests.RepositoryTest" name="verifySearchResultForBusinessModelDoc_Repo011" time="36.352"/>
  <testcase classname="com.qa.ngageplatform.tests.RepositoryTest" name="verifySearchResultForWMIMenu_Repo012" time="77.635"/>
  <testcase classname="com.qa.ngageplatform.tests.RepositoryTest" name="verifyCloser_Repo013" time="33.116"/>
  <testcase classname="com.qa.ngageplatform.tests.RepositoryTest" name="verifyMultivalue_Repo014" time="41.173"/>
</testsuite> <!-- com.qa.ngageplatform.tests.RepositoryTest -->
