<?xml version="1.0" encoding="UTF-8"?>
<!-- Generated by org.testng.reporters.JUnitReportReporter -->
<testsuite hostname="SA-RAFROZ-LT" failures="0" tests="4" name="com.qa.ngageplatform.tests.ReportTest" time="81.687" errors="0" timestamp="02 Mar 2023 15:42:08 GMT" skipped="0">
  <testcase classname="com.qa.ngageplatform.tests.ReportTest" name="verifyUserlistingReportGraghExist_Report001" time="19.191"/>
  <testcase classname="com.qa.ngageplatform.tests.ReportTest" name="verifyAllWorkItemErrorReportGraghExist_Report005" time="18.126"/>
  <testcase classname="com.qa.ngageplatform.tests.ReportTest" name="verifyUserlistingUpdatedResultReportGraghExist_Report_006" time="19.995"/>
  <testcase classname="com.qa.ngageplatform.tests.ReportTest" name="verifyUserGrouplistingReport_007" time="24.375"/>
</testsuite> <!-- com.qa.ngageplatform.tests.ReportTest -->
