<?xml version="1.0" encoding="UTF-8"?>
<!-- Generated by org.testng.reporters.JUnitReportReporter -->
<testsuite hostname="SA-RAFROZ-LT" failures="0" tests="4" name="com.qa.ngageplatform.tests.ReportTest" time="82.115" errors="0" timestamp="27 Jan 2023 15:48:37 GMT" skipped="0">
  <testcase classname="com.qa.ngageplatform.tests.ReportTest" name="verifyUserlistingReportGraghExist_Report001" time="18.415"/>
  <testcase classname="com.qa.ngageplatform.tests.ReportTest" name="verifyAllWorkItemErrorReportGraghExist_Report005" time="19.002"/>
  <testcase classname="com.qa.ngageplatform.tests.ReportTest" name="verifyUserlistingUpdatedResultReportGraghExist_Report_006" time="18.846"/>
  <testcase classname="com.qa.ngageplatform.tests.ReportTest" name="verifyUserGrouplistingReport_007" time="25.852"/>
</testsuite> <!-- com.qa.ngageplatform.tests.ReportTest -->
