<?xml version="1.0" encoding="UTF-8"?>
<!-- Generated by org.testng.reporters.JUnitReportReporter -->
<testsuite hostname="SA-RAFROZ-LT" failures="0" tests="7" name="com.qa.ngageplatform.tests.RepositoryTest" time="480.378" errors="0" timestamp="02 Mar 2023 15:42:08 GMT" skipped="0">
  <testcase classname="com.qa.ngageplatform.tests.RepositoryTest" name="verifySearchResultForBusinessModel_Repo001_Repo002" time="81.127"/>
  <testcase classname="com.qa.ngageplatform.tests.RepositoryTest" name="verifySearchResultForDateTimeDoc_Repo003_To_Repo008" time="121.687"/>
  <testcase classname="com.qa.ngageplatform.tests.RepositoryTest" name="verifySearchResultForClosureDoc_Repo009_To_Repo010" time="65.528"/>
  <testcase classname="com.qa.ngageplatform.tests.RepositoryTest" name="verifySearchResultForBusinessModelDoc_Repo011" time="37.701"/>
  <testcase classname="com.qa.ngageplatform.tests.RepositoryTest" name="verifySearchResultForWMIMenu_Repo012" time="95.081"/>
  <testcase classname="com.qa.ngageplatform.tests.RepositoryTest" name="verifyCloser_Repo013" time="35.523"/>
  <testcase classname="com.qa.ngageplatform.tests.RepositoryTest" name="verifyMultivalue_Repo014" time="43.731"/>
</testsuite> <!-- com.qa.ngageplatform.tests.RepositoryTest -->
