<?xml version="1.0" encoding="UTF-8"?>
<!-- Generated by org.testng.reporters.JUnitReportReporter -->
<testsuite hostname="SA-RAFROZ-LT" failures="0" tests="4" name="com.qa.ngageplatform.tests.WMITest" time="272.522" errors="0" timestamp="02 Mar 2023 15:42:08 GMT" skipped="0">
  <testcase classname="com.qa.ngageplatform.tests.WMITest" name="verifyCategoryMenuTab_WMI7" time="94.494"/>
  <testcase classname="com.qa.ngageplatform.tests.WMITest" name="verifyReferenceObjectInlineNewDocumentContent_WMI2_WMI_3_WMI_4" time="82.618"/>
  <testcase classname="com.qa.ngageplatform.tests.WMITest" name="VerifyNewLinkDefaultTab_WMI5_WMI6" time="70.616"/>
  <testcase classname="com.qa.ngageplatform.tests.WMITest" name="verifyMasterObjectFeatureWorkItemComponents_WMI7" time="24.794"/>
</testsuite> <!-- com.qa.ngageplatform.tests.WMITest -->
