<?xml version="1.0" encoding="UTF-8"?>
<!-- Generated by org.testng.reporters.JUnitReportReporter -->
<testsuite hostname="SA-RAFROZ-LT" failures="0" tests="15" name="com.qa.ngageplatform.tests.MyWorkTest" time="894.910" errors="0" timestamp="27 Jan 2023 14:30:10 GMT" skipped="0">
  <testcase classname="com.qa.ngageplatform.tests.MyWorkTest" name="verifyLockIcon" time="95.770"/>
  <testcase classname="com.qa.ngageplatform.tests.MyWorkTest" name="verifySortingByFolderingConfigurationScreenSelection_MW012" time="92.170"/>
  <testcase classname="com.qa.ngageplatform.tests.MyWorkTest" name="verifyActivityADashboardBarGraphAndWorkItemTableOnEventScreen" time="72.654"/>
  <testcase classname="com.qa.ngageplatform.tests.MyWorkTest" name="verifyProcessDueDateStartRange_MW003" time="51.913"/>
  <testcase classname="com.qa.ngageplatform.tests.MyWorkTest" name="verifyRightClickOptionForActivityAWithFolderingConfigurationScreenContent" time="36.854"/>
  <testcase classname="com.qa.ngageplatform.tests.MyWorkTest" name="verifyActivityADashboardBarGraphAndWorkItemTableOnNewVsInprocessScreen" time="43.544"/>
  <testcase classname="com.qa.ngageplatform.tests.MyWorkTest" name="verifyPaginationInfoAndCustomerNameForWorkItemList_MW001_MW002" time="61.084"/>
  <testcase classname="com.qa.ngageplatform.tests.MyWorkTest" name="verifyProcessDueDateEndRange_MW004" time="54.993"/>
  <testcase classname="com.qa.ngageplatform.tests.MyWorkTest" name="verifyClosureActionDashboardPageContent_MW014" time="37.204"/>
  <testcase classname="com.qa.ngageplatform.tests.MyWorkTest" name="verifyActivityADashboardBarGraphAndWorkItemTableOnAssignmentScreen_MW015" time="55.754"/>
  <testcase classname="com.qa.ngageplatform.tests.MyWorkTest" name="verifyRightClickOptionForReloadOnPostback_MW008_MW009" time="22.765"/>
  <testcase classname="com.qa.ngageplatform.tests.MyWorkTest" name="verifyAssignedWorkItem" time="84.453"/>
  <testcase classname="com.qa.ngageplatform.tests.MyWorkTest" name="verifyRouteActivityC_MW010" time="69.822"/>
  <testcase classname="com.qa.ngageplatform.tests.MyWorkTest" name="verifyProcessDueDateBetweenStartAndEndRange_MW005_MW006" time="71.437"/>
  <testcase classname="com.qa.ngageplatform.tests.MyWorkTest" name="verifyProcessesDashboardPageContent_MW013" time="44.493"/>
</testsuite> <!-- com.qa.ngageplatform.tests.MyWorkTest -->
